[debug] [2024-04-13T04:12:42.996Z] ----------------------------------------------------------------------
[debug] [2024-04-13T04:12:42.999Z] Command:       /usr/local/share/nvm/versions/node/v20.12.1/bin/node /home/codespace/nvm/current/bin/firebase init hosting
[debug] [2024-04-13T04:12:42.999Z] CLI Version:   13.7.2
[debug] [2024-04-13T04:12:42.999Z] Platform:      linux
[debug] [2024-04-13T04:12:42.999Z] Node Version:  v20.12.1
[debug] [2024-04-13T04:12:43.000Z] Time:          Sat Apr 13 2024 04:12:43 GMT+0000 (Coordinated Universal Time)
[debug] [2024-04-13T04:12:43.000Z] Env Overrides: GITHUB_API_URL
[debug] [2024-04-13T04:12:43.000Z] ----------------------------------------------------------------------
[debug] 
[debug] [2024-04-13T04:12:43.006Z] > command requires scopes: ["email","openid","https://www.googleapis.com/auth/cloudplatformprojects.readonly","https://www.googleapis.com/auth/firebase","https://www.googleapis.com/auth/cloud-platform"]
[debug] [2024-04-13T04:12:43.006Z] > authorizing via signed-in user (calvert1212@gmail.com)
[info] 
     ######## #### ########  ######## ########     ###     ######  ########
     ##        ##  ##     ## ##       ##     ##  ##   ##  ##       ##
     ######    ##  ########  ######   ########  #########  ######  ######
     ##        ##  ##    ##  ##       ##     ## ##     ##       ## ##
     ##       #### ##     ## ######## ########  ##     ##  ######  ########

You're about to initialize a Firebase project in this directory:

  /workspaces/codespaces-express

Before we get started, keep in mind:

  * You are currently outside your home directory

[info] 
=== Project Setup
[info] 
[info] First, let's associate this project directory with a Firebase project.
[info] You can create multiple project aliases by running firebase use --add, 
[info] but for now we'll just set up a default project.
[info] 
[debug] [2024-04-13T04:13:03.915Z] >>> [apiv2][query] GET https://firebase.googleapis.com/v1beta1/projects pageSize=100
[debug] [2024-04-13T04:13:04.344Z] <<< [apiv2][status] GET https://firebase.googleapis.com/v1beta1/projects 200
[debug] [2024-04-13T04:13:04.345Z] <<< [apiv2][body] GET https://firebase.googleapis.com/v1beta1/projects [omitted]
[info] i  Using project back-to-reality-32b5a (Back to Reality) 
[info] 
=== Hosting Setup
[debug] [2024-04-13T04:13:07.803Z] >>> [apiv2][query] GET https://firebase.googleapis.com/v1beta1/projects/back-to-reality-32b5a [none]
[debug] [2024-04-13T04:13:08.132Z] <<< [apiv2][status] GET https://firebase.googleapis.com/v1beta1/projects/back-to-reality-32b5a 200
[debug] [2024-04-13T04:13:08.132Z] <<< [apiv2][body] GET https://firebase.googleapis.com/v1beta1/projects/back-to-reality-32b5a {"projectId":"back-to-reality-32b5a","projectNumber":"724473820236","displayName":"Back to Reality","name":"projects/back-to-reality-32b5a","resources":{"hostingSite":"back-to-reality-32b5a"},"state":"ACTIVE","etag":"1_50904007-aa88-4dc8-88e1-76c2c7082e69"}
[info] 
[info] Your public directory is the folder (relative to your project directory) that
[info] will contain Hosting assets to be uploaded with firebase deploy. If you
[info] have a build process for your assets, use your build's output directory.
[info] 
[debug] [2024-04-13T04:13:47.280Z] >>> [apiv2][query] GET https://www.gstatic.com/firebasejs/releases.json [none]
[debug] [2024-04-13T04:13:47.309Z] <<< [apiv2][status] GET https://www.gstatic.com/firebasejs/releases.json 200
[debug] [2024-04-13T04:13:47.310Z] <<< [apiv2][body] GET https://www.gstatic.com/firebasejs/releases.json {"current":{"version":"10.11.0","browserURL":"https://www.gstatic.com/firebasejs/10.11.0/firebase.js","packageURL":"https://www.gstatic.com/firebasejs/10.11.0/firebase.tgz"},"live":{"version":"10.11","browserURL":"https://www.gstatic.com/firebasejs/live/10.11/firebase.js","packageURL":"https://www.gstatic.com/firebasejs/live/10.11/firebase.tgz"},"components":{"analytics":"https://www.gstatic.com/firebasejs/10.11.0/firebase-analytics.js","app":"https://www.gstatic.com/firebasejs/10.11.0/firebase-app.js","app-check":"https://www.gstatic.com/firebasejs/10.11.0/firebase-app-check.js","auth":"https://www.gstatic.com/firebasejs/10.11.0/firebase-auth.js","auth/cordova":"https://www.gstatic.com/firebasejs/10.11.0/firebase-auth/cordova.js","auth/web-extension":"https://www.gstatic.com/firebasejs/10.11.0/firebase-auth/web-extension.js","functions":"https://www.gstatic.com/firebasejs/10.11.0/firebase-functions.js","firestore":"https://www.gstatic.com/firebasejs/10.11.0/firebase-firestore.js","firestore/lite":"https://www.gstatic.com/firebasejs/10.11.0/firebase-firestore/lite.js","installations":"https://www.gstatic.com/firebasejs/10.11.0/firebase-installations.js","storage":"https://www.gstatic.com/firebasejs/10.11.0/firebase-storage.js","performance":"https://www.gstatic.com/firebasejs/10.11.0/firebase-performance.js","remote-config":"https://www.gstatic.com/firebasejs/10.11.0/firebase-remote-config.js","messaging":"https://www.gstatic.com/firebasejs/10.11.0/firebase-messaging.js","messaging/sw":"https://www.gstatic.com/firebasejs/10.11.0/firebase-messaging/sw.js","database":"https://www.gstatic.com/firebasejs/10.11.0/firebase-database.js","firestore.memory":"https://www.gstatic.com/firebasejs/10.11.0/firebase-firestore.memory.js"}}
[info] ✔  Wrote public/index.html 
[info] 
[info] i  Detected a .git folder at /workspaces/codespaces-express 
[info] i  Authorizing with GitHub to upload your service account to a GitHub repository's secrets store. 
[info] 
[info] Visit this URL on this device to log in:
[info] https://github.com/login/oauth/authorize?client_id=89cf50f02ac6aaed3484&state=927209090&redirect_uri=http%3A%2F%2Flocalhost%3A9005&scope=read%3Auser%20repo%20public_repo
[info] 
[info] Waiting for authentication...
